<?xml version="1.0" encoding="UTF-8"?>
<!-- Generated by org.testng.reporters.JUnitXMLReporter -->
<testsuite ignored="0" hostname="DESKTOP-5C9P0G5" failures="0" tests="4" name="Test" time="148.333" errors="0" timestamp="2022-02-03T22:39:45 IST">
  <testcase classname="Academy.E2Eprojct.ValidateNavBar" name="basePageNav" time="5.156"/>
  <testcase classname="Academy.E2Eprojct.HomePage" name="basePageNav" time="12.245"/>
  <testcase classname="Academy.E2Eprojct.HomePage" name="basePageNav" time="16.391"/>
  <testcase classname="Academy.E2Eprojct.TestTitle" name="basePageNav" time="0.074"/>
</testsuite> <!-- Test -->
