<?xml version="1.0" encoding="UTF-8"?>
<!-- Generated by org.testng.reporters.JUnitXMLReporter -->
<testsuite ignored="0" hostname="DESKTOP-5C9P0G5" failures="1" tests="1" name="Testing title of page" time="94.149" errors="0" timestamp="2022-02-14T20:06:53 IST">
  <testcase classname="Academy.E2Eprojct.TestTitle" name="titleCapture" time="14.448">
    <failure type="java.lang.AssertionError" message="expected [Featured Courses12] but found [Featured Courses]">
      <![CDATA[java.lang.AssertionError: expected [Featured Courses12] but found [Featured Courses]
at Academy.E2Eprojct.TestTitle.titleCapture(TestTitle.java:44)
at java.base/java.util.ArrayList.forEach(ArrayList.java:1511)
at java.base/java.util.concurrent.FutureTask.run(FutureTask.java:264)
at java.base/java.util.concurrent.ThreadPoolExecutor.runWorker(ThreadPoolExecutor.java:1136)
at java.base/java.util.concurrent.ThreadPoolExecutor$Worker.run(ThreadPoolExecutor.java:635)
at java.base/java.lang.Thread.run(Thread.java:833)
... Removed 24 stack frames]]>
    </failure>
  </testcase> <!-- titleCapture -->
</testsuite> <!-- Testing title of page -->
