<?xml version="1.0" encoding="UTF-8"?>
<!-- Generated by org.testng.reporters.JUnitXMLReporter -->
<testsuite ignored="0" hostname="DESKTOP-5C9P0G5" failures="0" tests="2" name="Test for homepage" time="0.192" errors="0" timestamp="2022-02-14T20:02:24 IST">
  <testcase classname="Academy.E2Eprojct.HomePageTest" name="@BeforeMethod initialize" time="0.005">
    <failure type="java.io.FileNotFoundException" message="C:\Users\poorn\E2Eprojct\src\main\java\resources1\data.properties (The system cannot find the path specified)">
      <![CDATA[java.io.FileNotFoundException: C:\Users\poorn\E2Eprojct\src\main\java\resources1\data.properties (The system cannot find the path specified)
at java.base/java.io.FileInputStream.open0(Native Method)
at java.base/java.io.FileInputStream.open(FileInputStream.java:216)
at java.base/java.io.FileInputStream.<init>(FileInputStream.java:157)
at java.base/java.io.FileInputStream.<init>(FileInputStream.java:111)
at resources.base.initializeDriver(base.java:28)
at Academy.E2Eprojct.HomePageTest.initialize(HomePageTest.java:27)
at java.base/java.util.ArrayList.forEach(ArrayList.java:1511)
at java.base/java.util.concurrent.FutureTask.run(FutureTask.java:264)
at java.base/java.util.concurrent.ThreadPoolExecutor.runWorker(ThreadPoolExecutor.java:1136)
at java.base/java.util.concurrent.ThreadPoolExecutor$Worker.run(ThreadPoolExecutor.java:635)
at java.base/java.lang.Thread.run(Thread.java:833)
... Removed 22 stack frames]]>
    </failure>
  </testcase> <!-- @BeforeMethod initialize -->
  <testcase classname="Academy.E2Eprojct.TestTitle" name="@BeforeMethod initialize" time="0.006">
    <failure type="java.io.FileNotFoundException" message="C:\Users\poorn\E2Eprojct\src\main\java\resources1\data.properties (The system cannot find the path specified)">
      <![CDATA[java.io.FileNotFoundException: C:\Users\poorn\E2Eprojct\src\main\java\resources1\data.properties (The system cannot find the path specified)
at java.base/java.io.FileInputStream.open0(Native Method)
at java.base/java.io.FileInputStream.open(FileInputStream.java:216)
at java.base/java.io.FileInputStream.<init>(FileInputStream.java:157)
at java.base/java.io.FileInputStream.<init>(FileInputStream.java:111)
at resources.base.initializeDriver(base.java:28)
at Academy.E2Eprojct.TestTitle.initialize(TestTitle.java:27)
at java.base/java.util.ArrayList.forEach(ArrayList.java:1511)
at java.base/java.util.concurrent.FutureTask.run(FutureTask.java:264)
at java.base/java.util.concurrent.ThreadPoolExecutor.runWorker(ThreadPoolExecutor.java:1136)
at java.base/java.util.concurrent.ThreadPoolExecutor$Worker.run(ThreadPoolExecutor.java:635)
at java.base/java.lang.Thread.run(Thread.java:833)
... Removed 22 stack frames]]>
    </failure>
  </testcase> <!-- @BeforeMethod initialize -->
  <testcase classname="Academy.E2Eprojct.HomePageTest" name="@AfterMethod closeBrowser" time="-1.644849144358E9">
    <skipped/>
  </testcase> <!-- @AfterMethod closeBrowser -->
  <testcase classname="Academy.E2Eprojct.HomePageTest" name="@BeforeMethod initialize" time="-1.644849144371E9">
    <skipped/>
  </testcase> <!-- @BeforeMethod initialize -->
  <testcase classname="Academy.E2Eprojct.HomePageTest" name="@AfterMethod closeBrowser" time="-1.644849144399E9">
    <skipped/>
  </testcase> <!-- @AfterMethod closeBrowser -->
  <testcase classname="Academy.E2Eprojct.TestTitle" name="@AfterMethod closeBrowser" time="-1.644849144413E9">
    <skipped/>
  </testcase> <!-- @AfterMethod closeBrowser -->
  <testcase classname="Academy.E2Eprojct.HomePageTest" name="homePageLogin" time="0.0">
    <skipped/>
  </testcase> <!-- homePageLogin -->
  <testcase classname="Academy.E2Eprojct.HomePageTest" name="homePageLogin" time="0.0">
    <skipped/>
  </testcase> <!-- homePageLogin -->
</testsuite> <!-- Test for homepage -->
