<?xml version="1.0" encoding="UTF-8"?>
<!-- Generated by org.testng.reporters.JUnitXMLReporter -->
<testsuite hostname="DESKTOP-5C9P0G5" ignored="0" name="Testing title of page" tests="1" failures="1" timestamp="2022-02-04T22:50:46 IST" time="157.438" errors="0">
  <testcase name="titleCapture" time="1.252" classname="Academy.E2Eprojct.TestTitle">
    <failure type="java.lang.AssertionError" message="expected [Featured Courses12] but found [Featured Courses]">
      <![CDATA[java.lang.AssertionError: expected [Featured Courses12] but found [Featured Courses]
at Academy.E2Eprojct.TestTitle.titleCapture(TestTitle.java:44)
at java.util.ArrayList.forEach(ArrayList.java:1257)
at java.util.concurrent.FutureTask.run(FutureTask.java:266)
at java.util.concurrent.ThreadPoolExecutor.runWorker(ThreadPoolExecutor.java:1149)
at java.util.concurrent.ThreadPoolExecutor$Worker.run(ThreadPoolExecutor.java:624)
at java.lang.Thread.run(Thread.java:748)
... Removed 24 stack frames]]>
    </failure>
  </testcase> <!-- titleCapture -->
</testsuite> <!-- Testing title of page -->
