<?xml version="1.0" encoding="UTF-8"?>
<testng-results ignored="0" total="1" passed="1" failed="0" skipped="0">
  <reporter-output>
  </reporter-output>
  <suite started-at="2022-02-14T20:15:49 IST" name="Suite" finished-at="2022-02-14T20:17:13 IST" duration-ms="83981">
    <groups>
      <group name="cucumber">
        <method signature="AbstractTestNGCucumberTests.runScenario(io.cucumber.testng.PickleWrapper,io.cucumber.testng.FeatureWrapper)[pri:0, instance:CucumOptions.TestRunner@5471388b]" name="runScenario" class="io.cucumber.testng.AbstractTestNGCucumberTests"/>
      </group> <!-- cucumber -->
    </groups>
    <test started-at="2022-02-14T20:15:49 IST" name="Testing NavBar" finished-at="2022-02-14T20:17:13 IST" duration-ms="83981">
      <class name="CucumOptions.TestRunner">
        <test-method is-config="true" signature="setUpClass(org.testng.ITestContext)[pri:0, instance:CucumOptions.TestRunner@5471388b]" started-at="2022-02-14T20:15:49 IST" name="setUpClass" finished-at="2022-02-14T20:15:50 IST" duration-ms="554" status="PASS">
          <params>
            <param index="0">
              <value>
                <![CDATA[org.testng.TestRunner@5922ae77]]>
              </value>
            </param>
          </params>
          <reporter-output>
          </reporter-output>
        </test-method> <!-- setUpClass -->
        <test-method signature="runScenario(io.cucumber.testng.PickleWrapper,io.cucumber.testng.FeatureWrapper)[pri:0, instance:CucumOptions.TestRunner@5471388b]" started-at="2022-02-14T20:15:50 IST" name="runScenario" description="Runs Cucumber Scenarios" data-provider="scenarios" finished-at="2022-02-14T20:17:13 IST" duration-ms="83226" status="PASS">
          <params>
            <param index="0">
              <value>
                <![CDATA["Application login with valid credentials"]]>
              </value>
            </param>
            <param index="1">
              <value>
                <![CDATA["Optional[Login application feature]"]]>
              </value>
            </param>
          </params>
          <reporter-output>
          </reporter-output>
        </test-method> <!-- runScenario -->
        <test-method is-config="true" signature="tearDownClass()[pri:0, instance:CucumOptions.TestRunner@5471388b]" started-at="2022-02-14T20:17:13 IST" name="tearDownClass" finished-at="2022-02-14T20:17:13 IST" duration-ms="40" status="PASS">
          <reporter-output>
          </reporter-output>
        </test-method> <!-- tearDownClass -->
      </class> <!-- CucumOptions.TestRunner -->
    </test> <!-- Testing NavBar -->
  </suite> <!-- Suite -->
</testng-results>
